::1 - - [16/Nov/2022:13:43:03 +0000] "GET /Mobius HTTP/1.1" 500 - "-" "-"
::1 - - [16/Nov/2022:13:43:03 +0000] "GET /Mobius HTTP/1.1" 500 - "-" "-"
::1 - - [16/Nov/2022:13:43:05 +0000] "GET /Mobius HTTP/1.1" 500 - "-" "-"
::1 - - [16/Nov/2022:13:43:05 +0000] "GET /Mobius HTTP/1.1" 500 - "-" "-"
::1 - - [16/Nov/2022:13:43:07 +0000] "GET /Mobius HTTP/1.1" 500 - "-" "-"
::1 - - [16/Nov/2022:13:43:07 +0000] "GET /Mobius HTTP/1.1" 500 - "-" "-"
::1 - - [16/Nov/2022:13:43:09 +0000] "GET /Mobius HTTP/1.1" 500 - "-" "-"
::1 - - [16/Nov/2022:13:43:09 +0000] "GET /Mobius HTTP/1.1" 500 - "-" "-"
::1 - - [16/Nov/2022:13:43:11 +0000] "GET /Mobius HTTP/1.1" 500 - "-" "-"
::1 - - [16/Nov/2022:13:43:11 +0000] "GET /Mobius HTTP/1.1" 500 - "-" "-"
::1 - - [16/Nov/2022:13:43:13 +0000] "GET /Mobius HTTP/1.1" 500 - "-" "-"
::1 - - [16/Nov/2022:13:43:13 +0000] "GET /Mobius HTTP/1.1" 500 - "-" "-"
::1 - - [16/Nov/2022:13:43:15 +0000] "GET /Mobius HTTP/1.1" 500 - "-" "-"
::1 - - [16/Nov/2022:13:43:15 +0000] "GET /Mobius HTTP/1.1" 500 - "-" "-"
::1 - - [16/Nov/2022:13:43:17 +0000] "GET /Mobius HTTP/1.1" 500 - "-" "-"
::1 - - [16/Nov/2022:13:43:17 +0000] "GET /Mobius HTTP/1.1" 500 - "-" "-"
::1 - - [16/Nov/2022:13:43:19 +0000] "GET /Mobius HTTP/1.1" 500 - "-" "-"
::1 - - [16/Nov/2022:13:43:19 +0000] "GET /Mobius HTTP/1.1" 500 - "-" "-"
::1 - - [16/Nov/2022:13:43:21 +0000] "GET /Mobius HTTP/1.1" 500 - "-" "-"
::1 - - [16/Nov/2022:13:43:21 +0000] "GET /Mobius HTTP/1.1" 500 - "-" "-"
::1 - - [16/Nov/2022:13:43:23 +0000] "GET /Mobius HTTP/1.1" 500 - "-" "-"
::1 - - [16/Nov/2022:13:43:23 +0000] "GET /Mobius HTTP/1.1" 500 - "-" "-"
::1 - - [16/Nov/2022:13:43:25 +0000] "GET /Mobius HTTP/1.1" 500 - "-" "-"
::1 - - [16/Nov/2022:13:43:25 +0000] "GET /Mobius HTTP/1.1" 500 - "-" "-"
::1 - - [16/Nov/2022:13:43:27 +0000] "GET /Mobius HTTP/1.1" 500 - "-" "-"
::1 - - [16/Nov/2022:13:43:27 +0000] "GET /Mobius HTTP/1.1" 500 - "-" "-"
::1 - - [16/Nov/2022:13:43:29 +0000] "GET /Mobius HTTP/1.1" 500 - "-" "-"
::1 - - [16/Nov/2022:13:43:29 +0000] "GET /Mobius HTTP/1.1" 500 - "-" "-"
::1 - - [16/Nov/2022:13:43:31 +0000] "GET /Mobius HTTP/1.1" 500 - "-" "-"
::1 - - [16/Nov/2022:13:43:31 +0000] "GET /Mobius HTTP/1.1" 500 - "-" "-"
::1 - - [16/Nov/2022:13:43:33 +0000] "GET /Mobius HTTP/1.1" 500 - "-" "-"
::1 - - [16/Nov/2022:13:43:33 +0000] "GET /Mobius HTTP/1.1" 500 - "-" "-"
::1 - - [16/Nov/2022:13:43:35 +0000] "GET /Mobius HTTP/1.1" 500 - "-" "-"
::1 - - [16/Nov/2022:13:43:35 +0000] "GET /Mobius HTTP/1.1" 500 - "-" "-"
::1 - - [16/Nov/2022:13:43:37 +0000] "GET /Mobius HTTP/1.1" 500 - "-" "-"
::1 - - [16/Nov/2022:13:43:37 +0000] "GET /Mobius HTTP/1.1" 500 - "-" "-"
::1 - - [16/Nov/2022:13:43:39 +0000] "GET /Mobius HTTP/1.1" 500 - "-" "-"
::1 - - [16/Nov/2022:13:43:39 +0000] "GET /Mobius HTTP/1.1" 500 - "-" "-"
::1 - - [16/Nov/2022:13:43:41 +0000] "GET /Mobius HTTP/1.1" 500 - "-" "-"
::1 - - [16/Nov/2022:13:43:41 +0000] "GET /Mobius HTTP/1.1" 500 - "-" "-"
::1 - - [16/Nov/2022:13:43:43 +0000] "GET /Mobius HTTP/1.1" 500 - "-" "-"
::1 - - [16/Nov/2022:13:43:43 +0000] "GET /Mobius HTTP/1.1" 500 - "-" "-"
::1 - - [16/Nov/2022:13:43:45 +0000] "GET /Mobius HTTP/1.1" 500 - "-" "-"
::1 - - [16/Nov/2022:13:43:45 +0000] "GET /Mobius HTTP/1.1" 500 - "-" "-"
::1 - - [16/Nov/2022:13:43:47 +0000] "GET /Mobius HTTP/1.1" 500 - "-" "-"
::1 - - [16/Nov/2022:13:43:47 +0000] "GET /Mobius HTTP/1.1" 500 - "-" "-"
::1 - - [16/Nov/2022:13:43:49 +0000] "GET /Mobius HTTP/1.1" 500 - "-" "-"
::1 - - [16/Nov/2022:13:43:49 +0000] "GET /Mobius HTTP/1.1" 500 - "-" "-"
::1 - - [16/Nov/2022:13:43:51 +0000] "GET /Mobius HTTP/1.1" 500 - "-" "-"
::1 - - [16/Nov/2022:13:43:51 +0000] "GET /Mobius HTTP/1.1" 500 - "-" "-"
::1 - - [16/Nov/2022:13:43:53 +0000] "GET /Mobius HTTP/1.1" 500 - "-" "-"
::1 - - [16/Nov/2022:13:43:53 +0000] "GET /Mobius HTTP/1.1" 500 - "-" "-"
::1 - - [16/Nov/2022:13:43:55 +0000] "GET /Mobius HTTP/1.1" 500 - "-" "-"
::1 - - [16/Nov/2022:13:43:55 +0000] "GET /Mobius HTTP/1.1" 500 - "-" "-"
::1 - - [16/Nov/2022:13:43:57 +0000] "GET /Mobius HTTP/1.1" 500 - "-" "-"
::1 - - [16/Nov/2022:13:43:57 +0000] "GET /Mobius HTTP/1.1" 500 - "-" "-"
::1 - - [16/Nov/2022:13:43:59 +0000] "GET /Mobius HTTP/1.1" 500 - "-" "-"
::1 - - [16/Nov/2022:13:43:59 +0000] "GET /Mobius HTTP/1.1" 500 - "-" "-"
::1 - - [16/Nov/2022:13:44:01 +0000] "GET /Mobius HTTP/1.1" 500 - "-" "-"
::1 - - [16/Nov/2022:13:44:01 +0000] "GET /Mobius HTTP/1.1" 500 - "-" "-"
::1 - - [16/Nov/2022:13:44:03 +0000] "GET /Mobius HTTP/1.1" 500 - "-" "-"
::1 - - [16/Nov/2022:13:44:03 +0000] "GET /Mobius HTTP/1.1" 500 - "-" "-"
::1 - - [16/Nov/2022:13:44:05 +0000] "GET /Mobius HTTP/1.1" 500 - "-" "-"
::1 - - [16/Nov/2022:13:44:05 +0000] "GET /Mobius HTTP/1.1" 500 - "-" "-"
::1 - - [16/Nov/2022:13:49:50 +0000] "GET /Mobius HTTP/1.1" 200 - "-" "-"
::1 - - [16/Nov/2022:13:49:50 +0000] "GET /Mobius HTTP/1.1" 200 - "-" "-"
::1 - - [16/Nov/2022:13:51:18 +0000] "GET /Mobius HTTP/1.1" 200 - "-" "-"
::1 - - [16/Nov/2022:13:51:18 +0000] "GET /Mobius HTTP/1.1" 200 - "-" "-"
::1 - - [16/Nov/2022:13:53:21 +0000] "POST /Mobius HTTP/1.1" 201 - "-" "-"
::1 - - [16/Nov/2022:13:53:23 +0000] "POST /Mobius/edu HTTP/1.1" 201 - "-" "-"
::1 - - [16/Nov/2022:13:53:25 +0000] "POST /Mobius/edu HTTP/1.1" 201 - "-" "-"
::1 - - [16/Nov/2022:13:53:27 +0000] "POST /Mobius/edu HTTP/1.1" 201 - "-" "-"
::1 - - [16/Nov/2022:13:53:29 +0000] "POST /Mobius/edu HTTP/1.1" 201 - "-" "-"
::1 - - [16/Nov/2022:13:53:31 +0000] "DELETE /Mobius/edu/led/sub HTTP/1.1" 404 - "-" "-"
::1 - - [16/Nov/2022:13:53:33 +0000] "POST /Mobius/edu/led HTTP/1.1" 201 - "-" "-"
::1 - - [16/Nov/2022:14:17:03 +0000] "POST /Mobius HTTP/1.1" 409 - "-" "-"
::1 - - [16/Nov/2022:14:17:03 +0000] "GET /Mobius HTTP/1.1" 200 - "-" "-"
::1 - - [16/Nov/2022:14:17:03 +0000] "GET /Mobius HTTP/1.1" 200 - "-" "-"
::1 - - [16/Nov/2022:14:17:05 +0000] "GET /Mobius/edu HTTP/1.1" 200 - "-" "-"
::1 - - [16/Nov/2022:14:17:07 +0000] "POST /Mobius/edu HTTP/1.1" 409 - "-" "-"
::1 - - [16/Nov/2022:14:17:09 +0000] "POST /Mobius/edu HTTP/1.1" 409 - "-" "-"
::1 - - [16/Nov/2022:14:17:11 +0000] "POST /Mobius/edu HTTP/1.1" 409 - "-" "-"
::1 - - [16/Nov/2022:14:17:13 +0000] "POST /Mobius/edu HTTP/1.1" 409 - "-" "-"
::1 - - [16/Nov/2022:14:17:15 +0000] "DELETE /Mobius/edu/led/sub HTTP/1.1" 200 - "-" "-"
::1 - - [16/Nov/2022:14:17:17 +0000] "POST /Mobius/edu/led HTTP/1.1" 201 - "-" "-"
