::1 - - [16/Nov/2022:18:21:25 +0000] "POST /Mobius HTTP/1.1" 409 - "-" "-"
::1 - - [16/Nov/2022:18:21:26 +0000] "GET /Mobius HTTP/1.1" 200 - "-" "-"
::1 - - [16/Nov/2022:18:21:26 +0000] "GET /Mobius HTTP/1.1" 200 - "-" "-"
::1 - - [16/Nov/2022:18:21:27 +0000] "GET /Mobius/edu HTTP/1.1" 200 - "-" "-"
::1 - - [16/Nov/2022:18:21:29 +0000] "POST /Mobius/edu HTTP/1.1" 409 - "-" "-"
::1 - - [16/Nov/2022:18:21:31 +0000] "POST /Mobius/edu HTTP/1.1" 409 - "-" "-"
::1 - - [16/Nov/2022:18:21:33 +0000] "POST /Mobius/edu HTTP/1.1" 409 - "-" "-"
::1 - - [16/Nov/2022:18:21:35 +0000] "POST /Mobius/edu HTTP/1.1" 409 - "-" "-"
::1 - - [16/Nov/2022:18:21:37 +0000] "DELETE /Mobius/edu/led/sub HTTP/1.1" 200 - "-" "-"
::1 - - [16/Nov/2022:18:21:39 +0000] "POST /Mobius/edu/led HTTP/1.1" 201 - "-" "-"
::1 - - [17/Nov/2022:05:20:43 +0000] "GET /Mobius HTTP/1.1" 200 - "-" "-"
::1 - - [17/Nov/2022:05:20:43 +0000] "GET /Mobius HTTP/1.1" 200 - "-" "-"
::1 - - [17/Nov/2022:05:20:54 +0000] "POST /Mobius HTTP/1.1" 409 - "-" "-"
::1 - - [17/Nov/2022:05:20:56 +0000] "GET /Mobius/edu HTTP/1.1" 200 - "-" "-"
::1 - - [17/Nov/2022:05:20:58 +0000] "POST /Mobius/edu HTTP/1.1" 409 - "-" "-"
::1 - - [17/Nov/2022:05:21:00 +0000] "POST /Mobius/edu HTTP/1.1" 409 - "-" "-"
::1 - - [17/Nov/2022:05:21:02 +0000] "POST /Mobius/edu HTTP/1.1" 409 - "-" "-"
::1 - - [17/Nov/2022:05:21:04 +0000] "POST /Mobius/edu HTTP/1.1" 409 - "-" "-"
::1 - - [17/Nov/2022:05:21:06 +0000] "DELETE /Mobius/edu/led/sub HTTP/1.1" 200 - "-" "-"
::1 - - [17/Nov/2022:05:21:08 +0000] "POST /Mobius/edu/led HTTP/1.1" 201 - "-" "-"
